[Server] GET / HTTP/1.1 has joined the chat at 00:07:27
[Server] zack has joined the chat at 00:08:02
[Server] zack has joined the chat at 00:08:02
[Server] GET / HTTP/1.1 has left the chat at 00:08:02
[Server] zalain has joined the chat at 00:08:07
[Server] zalain has joined the chat at 00:08:07
[zack] hi
[zalain] hello
[zack] /quit
[Server] zack has left the chat at 00:09:20
[Server] GET / HTTP/1.1 has joined the chat at 00:21:53
[Server] zalain has joined the chat at 00:22:09
[Server] zalain has joined the chat at 00:22:09
[Server] GET / HTTP/1.1 has left the chat at 00:22:09
[Server] zack has joined the chat at 00:22:20
[Server] zack has joined the chat at 00:22:20
[zack] yo
[zalain] gurt
[Server] zack has left the chat at 00:22:36
[Server] GET / HTTP/1.1 has joined the chat at 00:28:34
[Server] za has joined the chat at 00:28:51
[Server] za has joined the chat at 00:28:51
[GET / HTTP/1.1] GET / HTTP/1.1 has left the chat at 00:28:51
[Server] zal has joined the chat at 00:28:56
[Server] zal has joined the chat at 00:28:56
[zal] yo
[za] hi
[za] za has left the chat at 00:29:17
[Server] GET / HTTP/1.1 has joined the chat at 00:33:58
[Server] z has joined the chat at 00:34:08
[Server] z has joined the chat at 00:34:08
[Server] GET / HTTP/1.1 has left the chat at 00:34:08
[Server] a has joined the chat at 00:34:10
[Server] a has joined the chat at 00:34:10
[a] hello
[z] hi
[Server] z has left the chat at 00:34:25
